                     PROGRAM ASM3 , Variant 8 , 2013
     ELECTROMAGNETIC CALCULATIONS OF ASYNCHRONOUS MOTOR, three-phase
     low voltage, simple cage, double cage, cast-aluminium, bar
     owner:ELPROM-      
     authors:D.Jetchev,jetch@tu-sofia.bg, G.Todorov,gtto@tu-sofia.bg
     File input data   :   mo90l4v.DAT             date     18- 3-2013
     File results      :   mo90l4v.LIS             time      9:56

                          INPUT DATA   :
                          MO 90 L4 v          
  P2n =    1.50   p   =      2.   U1n =  380.00   ssn =      1.   D1  =   80.00
  Da1 =  135.00   Di2 =   30.00   l1  =   80.00   l2  =   80.00   del =    0.25
  Z1  =     36.   nsk =      4.   bs1 =    2.30   hs1 =    0.70   b11 =    3.50
  b1  =    5.89   h`k1=   13.80   h11 =    0.50   hkl1=    0.19   bkl1=    0.00
  Z2  =     26.   nrk =      2.   bs2 =    1.00   hs2 =    0.50   b21 =    4.50
  b2  =    1.60   h`k2=   11.70   h21 =    0.50   bs3 =    0.00   hs3 =    0.00
  b3  =    0.00   b31 =    0.00   h3  =    0.00   hm  =    0.00   bsk =    9.60
  bkp =   14.00   akp =   14.00   tsn =     12.   qd1 =      3.   qc1 =      1.
  y1  =      9.   a1  =      1.   uk1 =     51.   nel1=      1.   dpr1=    0.80
  dis1=    0.86   deli=    0.19   ks1 =    1.10   liz1=   10.00   pmeh=  100.00
  ro12=  0.0175   ro22=  0.0385   tprh=   35.00   tnos=   75.00   tnor=   90.00
  tkss=   75.00   tksr=   90.00   tsta=  105.00   Upon=    0.00   f1  =   50.00
  cfez=    1.90   cfea=    1.60   kfe1=    0.95   p151=    2.20   kfe2=    0.95
  p152=    2.20   uk11=      0.   uk12=      0.   uk13=      0.   uk14=      0.
  steel stator :2212I   steel rotor 2212I  
     changed input data
  tsn =   1211.

                          Results :
                          Parameter
     w1       l4s1     lw1      kf1     kdel       kq1      ky1      kw1
     306.      92.     343.    0.701    1.334    0.960    1.000    0.960

     r1/20   r2p/20    Sk1      Sk2
    3.657    4.217      64.      34.

     Gz1      Gz2      Ga1      Ga2      Gcu1     Gal2     Gfe      Gtot
    1.131    0.939    2.954    1.011    1.410    0.409    6.035   11.619

                       NO LOAD        temp.= 35.

     E1       Bdel     Bz1      Bz2      Ba1      Ba2      Bz1m     Bz2m
    210.0    0.881    1.780    1.760    1.728    1.743    1.797    1.830

     Fo       Fdel     Fz1      Fz2      Fa1      Fa2      Iom      kz
    1000.     467.     191.     141.     146.      55.    2.520    1.712

     lz1      ls1      ld1      lz2      ls2      ld2      lsk2     lzm 
    1.726    0.656    0.848    1.422    0.274    1.205    0.637    0.000

     I1       I1l      s        r1       r2p      x1       x2p      x12
    2.541    2.541   0.0051    3.872    4.455    3.186    4.537   84.124

     pel1     pfe      padd     pmeh     pfe0     pzag     P1
      75.      46.      54.     100.     100.     276.     274.

     RATED POWER    :   P2n=   1.495 kW,   temp.st.= 75.,  temp.rot.= 90.

     E1       Bdel     Bz1      Bz2      Ba1      Ba2      Bz1m     Bz2m
    198.6    0.844    1.724    1.688    1.650    1.623    1.740    1.755

     Fo       Fdel     Fz1      Fz2      Fa1      Fa2      Iom      kz
     827.     448.     145.     101.     102.      31.    2.083    1.548

     lz1      ls1      ld1      lz2      ls2      ld2      lsk2     lzm 
    1.726    0.656    0.872    1.422    0.274    1.238    0.405    0.000

     I1       I1l      j1       jpr2     jkp2     AS1      s        n
    3.796    3.796    7.552    5.977    2.173   27.733   0.0800   1380.0

     pel1     pel2     pfe      padd     pmeh     pfe0     pzag     P1
     192.     142.      43.      50.      85.      93.     512.    2007.

     M        cosFI    eta      r1       r2p      x1       x2p      x12
   10.345    0.803   74.506    4.446    5.330    3.197    4.131   95.463

             RATED POWER (Re-calculated)     class insul.temp.=105.
     I1       I1l      s        n        M        cosFI    eta
    3.873    3.873   0.0828  1375.8   10.360    0.811   72.201

     pel1     pel2     pfe      padd     pmeh     pzag     P1       P2
     219.     145.     100.      10.     100.     575.    2067.    1493.

                  PERFORMANCE CHARACTERISTICS  temp.st.= 75.  temp.rot.= 90.
     s        n        I1       I1l      P1       P2      M       eta     kPn
   0.0332   1450.3    2.700    2.700     932.     595.     3.9    63.8   0.40
   0.0403   1439.5    2.824    2.824    1100.     744.     4.9    67.6   0.50
   0.0485   1427.2    3.005    3.005    1294.     909.     6.1    70.2   0.60
   0.0558   1416.3    3.172    3.172    1461.    1047.     7.1    71.6   0.70
   0.0640   1403.9    3.377    3.377    1650.    1198.     8.1    72.6   0.80
   0.0724   1391.4    3.596    3.596    1836.    1341.     9.2    73.1   0.90
   0.0817   1377.4    3.854    3.854    2043.    1494.    10.4    73.2   1.00
   0.0911   1363.3    4.119    4.119    2246.    1639.    11.5    73.0   1.10
   0.1016   1347.6    4.421    4.421    2468.    1789.    12.7    72.5   1.20
   0.1131   1330.3    4.756    4.756    2706.    1941.    13.9    71.7   1.30
   0.1247   1313.0    5.095    5.095    2940.    2081.    15.1    70.8   1.40
   0.1383   1292.6    5.491    5.491    3206.    2231.    16.5    69.6   1.50

                  START CHARACTERISTICS  temt.st.= 75.  temp.rot.= 90.
   lz1    ls1    ld1    lz2    ls2    ld2    lsk2   lzm
  1.560  0.656  0.523  1.018  0.274  0.742  0.550  0.000

     s     I1k    Mk       x1k     x2k     r2k     km      ki     I1lk    Mem
 1.000   19.30    34.7   2.701   3.314   5.391    3.36    5.08   19.30    34.7
 0.900   18.46    34.7   2.720   3.344   5.380    3.35    4.86   18.46    34.8
 0.800   17.50    34.4   2.742   3.379   5.369    3.32    4.61   17.50    34.5
 0.700   16.39    34.5   2.770   3.423   5.360    3.33    4.32   16.39    34.7
 0.600   15.11    34.2   2.807   3.475   5.352    3.31    3.98   15.11    34.5
 0.500   13.60    33.3   2.854   3.544   5.346    3.22    3.58   13.60    33.7
 0.400   11.82    31.4   2.917   3.631   5.340    3.04    3.11   11.82    31.8
 0.300    9.71    27.8   3.009   3.765   5.336    2.69    2.56    9.71    28.3
 0.200    7.20    21.8   3.160   4.073   5.333    2.11    1.90    7.20    22.4
 0.100    4.35    12.6   3.198   4.210   5.331    1.22    1.15    4.35    13.2

          Total characteristics 

       s   1.000   0.900   0.800   0.700   0.600   0.500   0.400   0.300   0.200
      i1  19.297  18.459  17.502  16.394  15.109  13.602  11.821   9.706   7.200
       m  34.727  34.696  34.353  34.475  34.241  33.341  31.399  27.831  21.840

       s   0.138   0.125   0.113   0.102   0.091   0.082   0.072   0.064   0.056
      i1   5.491   5.095   4.756   4.421   4.119   3.854   3.596   3.377   3.172
       m  16.479  15.136  13.931  12.674  11.479  10.360   9.206   8.146   7.058

